<?xml version="1.0" encoding="UTF-8"?>
<testng-results ignored="0" total="3" passed="3" failed="0" skipped="0">
  <reporter-output>
  </reporter-output>
  <suite started-at="2023-06-20T13:45:35 CEST" name="AllTests" finished-at="2023-06-20T13:46:13 CEST" duration-ms="38024">
    <groups>
    </groups>
    <test started-at="2023-06-20T13:45:35 CEST" name="PositiveTests" finished-at="2023-06-20T13:45:52 CEST" duration-ms="16628">
      <class name="com.herokuapp.theinternet.PositiveTests">
        <test-method signature="loginTest()[pri:0, instance:com.herokuapp.theinternet.PositiveTests@6a192cfe]" started-at="2023-06-20T13:45:35 CEST" name="loginTest" finished-at="2023-06-20T13:45:52 CEST" duration-ms="16581" status="PASS">
          <reporter-output>
          </reporter-output>
        </test-method> <!-- loginTest -->
      </class> <!-- com.herokuapp.theinternet.PositiveTests -->
    </test> <!-- PositiveTests -->
    <test started-at="2023-06-20T13:45:52 CEST" name="NegativeTests" finished-at="2023-06-20T13:46:13 CEST" duration-ms="21300">
      <class name="com.herokuapp.theinternet.NegativeTests">
        <test-method signature="wrongPasswordTest()[pri:0, instance:com.herokuapp.theinternet.NegativeTests@6b81ce95]" started-at="2023-06-20T13:45:52 CEST" name="wrongPasswordTest" finished-at="2023-06-20T13:46:03 CEST" duration-ms="11149" status="PASS">
          <reporter-output>
          </reporter-output>
        </test-method> <!-- wrongPasswordTest -->
        <test-method signature="wrongUsernameTest()[pri:0, instance:com.herokuapp.theinternet.NegativeTests@6b81ce95]" started-at="2023-06-20T13:46:03 CEST" name="wrongUsernameTest" finished-at="2023-06-20T13:46:13 CEST" duration-ms="10146" status="PASS">
          <reporter-output>
          </reporter-output>
        </test-method> <!-- wrongUsernameTest -->
      </class> <!-- com.herokuapp.theinternet.NegativeTests -->
    </test> <!-- NegativeTests -->
  </suite> <!-- AllTests -->
</testng-results>
